# JRE version: OpenJDK Runtime Environment (21.0.8) (build 21.0.8+-14196175-b1038.72)
# Java VM: OpenJDK 64-Bit Server VM (21.0.8+-14196175-b1038.72, mixed mode, tiered, compressed oops, compressed class ptrs, g1 gc, windows-amd64)
GC Precious Log:
 CardTable entry size: 512
 Card Set container configuration: InlinePtr #cards 5 size 8 Array Of Cards #cards 12 size 40 Howl #buckets 4 coarsen threshold 1843 Howl Bitmap #cards 512 size 80 coarsen threshold 460 Card regions per heap region 1 cards per card region 2048
 CPUs: 12 total, 12 available
 Memory: 5981M
 Large Page Support: Disabled
 NUMA Support: Disabled
 Compressed Oops: Enabled (32-bit)
 Heap Region Size: 1M
 Heap Min Capacity: 8M
 Heap Initial Capacity: 94M
 Heap Max Capacity: 2G
 Pre-touch: Disabled
 Parallel Workers: 10
 Concurrent Workers: 3
 Concurrent Refinement Workers: 10
 Periodic GC: Disabled
Heap:
 garbage-first heap   total 91136K, used 59292K [0x0000000080000000, 0x0000000100000000)
  region size 1024K, 18 young (18432K), 5 survivors (5120K)
 Metaspace       used 69519K, committed 71424K, reserved 1114112K
  class space    used 10034K, committed 10880K, reserved 1048576K
GC Heap History (20 events):
Event: 11.677 GC heap before
{Heap before GC invocations=6 (full 0):
 garbage-first heap   total 71680K, used 57134K [0x0000000080000000, 0x0000000100000000)
  region size 1024K, 36 young (36864K), 3 survivors (3072K)
 Metaspace       used 32897K, committed 33472K, reserved 1114112K
  class space    used 4301K, committed 4544K, reserved 1048576K
}
Event: 11.684 GC heap after
{Heap after GC invocations=7 (full 0):
 garbage-first heap   total 71680K, used 24247K [0x0000000080000000, 0x0000000100000000)
  region size 1024K, 4 young (4096K), 4 survivors (4096K)
 Metaspace       used 32897K, committed 33472K, reserved 1114112K
  class space    used 4301K, committed 4544K, reserved 1048576K
}
Event: 12.341 GC heap before
{Heap before GC invocations=7 (full 0):
 garbage-first heap   total 71680K, used 41655K [0x0000000080000000, 0x0000000100000000)
  region size 1024K, 22 young (22528K), 4 survivors (4096K)
 Metaspace       used 35241K, committed 35968K, reserved 1114112K
  class space    used 4680K, committed 5056K, reserved 1048576K
}
Event: 12.348 GC heap after
{Heap after GC invocations=8 (full 0):
 garbage-first heap   total 71680K, used 25625K [0x0000000080000000, 0x0000000100000000)
  region size 1024K, 4 young (4096K), 4 survivors (4096K)
 Metaspace       used 35241K, committed 35968K, reserved 1114112K
  class space    used 4680K, committed 5056K, reserved 1048576K
}
Event: 13.784 GC heap before
{Heap before GC invocations=9 (full 0):
 garbage-first heap   total 71680K, used 59417K [0x0000000080000000, 0x0000000100000000)
  region size 1024K, 37 young (37888K), 4 survivors (4096K)
 Metaspace       used 39903K, committed 40960K, reserved 1114112K
  class space    used 5490K, committed 6016K, reserved 1048576K
}
Event: 13.790 GC heap after
{Heap after GC invocations=10 (full 0):
 garbage-first heap   total 88064K, used 27608K [0x0000000080000000, 0x0000000100000000)
  region size 1024K, 4 young (4096K), 4 survivors (4096K)
 Metaspace       used 39903K, committed 40960K, reserved 1114112K
  class space    used 5490K, committed 6016K, reserved 1048576K
}
Event: 17.873 GC heap before
{Heap before GC invocations=10 (full 0):
 garbage-first heap   total 88064K, used 73688K [0x0000000080000000, 0x0000000100000000)
  region size 1024K, 50 young (51200K), 4 survivors (4096K)
 Metaspace       used 47268K, committed 48512K, reserved 1114112K
  class space    used 6534K, committed 7168K, reserved 1048576K
}
Event: 17.881 GC heap after
{Heap after GC invocations=11 (full 0):
 garbage-first heap   total 88064K, used 31119K [0x0000000080000000, 0x0000000100000000)
  region size 1024K, 7 young (7168K), 7 survivors (7168K)
 Metaspace       used 47268K, committed 48512K, reserved 1114112K
  class space    used 6534K, committed 7168K, reserved 1048576K
}
Event: 19.573 GC heap before
{Heap before GC invocations=11 (full 0):
 garbage-first heap   total 88064K, used 75151K [0x0000000080000000, 0x0000000100000000)
  region size 1024K, 50 young (51200K), 7 survivors (7168K)
 Metaspace       used 52884K, committed 54400K, reserved 1114112K
  class space    used 7439K, committed 8128K, reserved 1048576K
}
Event: 19.585 GC heap after
{Heap after GC invocations=12 (full 0):
 garbage-first heap   total 88064K, used 34478K [0x0000000080000000, 0x0000000100000000)
  region size 1024K, 7 young (7168K), 7 survivors (7168K)
 Metaspace       used 52884K, committed 54400K, reserved 1114112K
  class space    used 7439K, committed 8128K, reserved 1048576K
}
Event: 21.780 GC heap before
{Heap before GC invocations=12 (full 0):
 garbage-first heap   total 88064K, used 76462K [0x0000000080000000, 0x0000000100000000)
  region size 1024K, 47 young (48128K), 7 survivors (7168K)
 Metaspace       used 56280K, committed 57920K, reserved 1114112K
  class space    used 7994K, committed 8768K, reserved 1048576K
}
Event: 21.794 GC heap after
{Heap after GC invocations=13 (full 0):
 garbage-first heap   total 91136K, used 42424K [0x0000000080000000, 0x0000000100000000)
  region size 1024K, 6 young (6144K), 6 survivors (6144K)
 Metaspace       used 56280K, committed 57920K, reserved 1114112K
  class space    used 7994K, committed 8768K, reserved 1048576K
}
Event: 22.643 GC heap before
{Heap before GC invocations=13 (full 0):
 garbage-first heap   total 91136K, used 78264K [0x0000000080000000, 0x0000000100000000)
  region size 1024K, 41 young (41984K), 6 survivors (6144K)
 Metaspace       used 57954K, committed 59648K, reserved 1114112K
  class space    used 8282K, committed 9088K, reserved 1048576K
}
Event: 22.649 GC heap after
{Heap after GC invocations=14 (full 0):
 garbage-first heap   total 91136K, used 43485K [0x0000000080000000, 0x0000000100000000)
  region size 1024K, 2 young (2048K), 2 survivors (2048K)
 Metaspace       used 57954K, committed 59648K, reserved 1114112K
  class space    used 8282K, committed 9088K, reserved 1048576K
}
Event: 22.738 GC heap before
{Heap before GC invocations=14 (full 0):
 garbage-first heap   total 91136K, used 46557K [0x0000000080000000, 0x0000000100000000)
  region size 1024K, 6 young (6144K), 2 survivors (2048K)
 Metaspace       used 58439K, committed 60096K, reserved 1114112K
  class space    used 8351K, committed 9152K, reserved 1048576K
}
Event: 22.741 GC heap after
{Heap after GC invocations=15 (full 0):
 garbage-first heap   total 91136K, used 43367K [0x0000000080000000, 0x0000000100000000)
  region size 1024K, 2 young (2048K), 2 survivors (2048K)
 Metaspace       used 58439K, committed 60096K, reserved 1114112K
  class space    used 8351K, committed 9152K, reserved 1048576K
}
Event: 24.256 GC heap before
{Heap before GC invocations=16 (full 0):
 garbage-first heap   total 91136K, used 81255K [0x0000000080000000, 0x0000000100000000)
  region size 1024K, 40 young (40960K), 2 survivors (2048K)
 Metaspace       used 63147K, committed 64896K, reserved 1114112K
  class space    used 9031K, committed 9856K, reserved 1048576K
}
Event: 24.261 GC heap after
{Heap after GC invocations=17 (full 0):
 garbage-first heap   total 91136K, used 45462K [0x0000000080000000, 0x0000000100000000)
  region size 1024K, 4 young (4096K), 4 survivors (4096K)
 Metaspace       used 63147K, committed 64896K, reserved 1114112K
  class space    used 9031K, committed 9856K, reserved 1048576K
}
Event: 25.374 GC heap before
{Heap before GC invocations=17 (full 0):
 garbage-first heap   total 91136K, used 81302K [0x0000000080000000, 0x0000000100000000)
  region size 1024K, 39 young (39936K), 4 survivors (4096K)
 Metaspace       used 68001K, committed 69824K, reserved 1114112K
  class space    used 9781K, committed 10624K, reserved 1048576K
}
Event: 25.381 GC heap after
{Heap after GC invocations=18 (full 0):
 garbage-first heap   total 91136K, used 47004K [0x0000000080000000, 0x0000000100000000)
  region size 1024K, 5 young (5120K), 5 survivors (5120K)
 Metaspace       used 68001K, committed 69824K, reserved 1114112K
  class space    used 9781K, committed 10624K, reserved 1048576K
}

